<?xml version="1.0" encoding="UTF-8"?>
<coverage generated="1661309963971" clover="3.2.0">
  <project timestamp="1661309963971" name="All files">
    <metrics statements="4" coveredstatements="4" conditionals="0" coveredconditionals="0" methods="3" coveredmethods="3" elements="7" coveredelements="7" complexity="0" loc="4" ncloc="4" packages="1" files="1" classes="1"/>
    <file name="Cart.js" path="/home/josue/Área de Trabalho/projects/estudos/vedovelli/modulo-01-simpleLib/src/lib/Cart.js">
      <metrics statements="4" coveredstatements="4" conditionals="0" coveredconditionals="0" methods="3" coveredmethods="3"/>
      <line num="2" count="2" type="stmt"/>
      <line num="4" count="1" type="stmt"/>
      <line num="7" count="2" type="stmt"/>
      <line num="8" count="1" type="stmt"/>
    </file>
  </project>
</coverage>
